Using pre-set license
Built from '2021.1/release' branch; Version is '2021.1.1f1 (6fdc41dfa55a) revision 7330881'; Using compiler version '192528614'; Build Type 'Release'
OS: 'Windows 10 Home; OS build 19043.1165; Version 2009; 64bit' Language: 'zh' Physical Memory: 32655 MB
BatchMode: 1, IsHumanControllingUs: 0, StartBugReporterOnCrash: 0, Is64bit: 1, IsPro: 0

 COMMAND LINE ARGUMENTS:
D:\Unity\unity 2017.4.3\Unity\2019.3.0f1\2021.1.1f1\Editor\Unity.exe
-adb2
-batchMode
-noUpm
-name
AssetImportWorker0
-projectPath
D:/UnityLab/ExamProject
-logFile
Logs/AssetImportWorker0.log
-srvPort
8192
Successfully changed project path to: D:/UnityLab/ExamProject
D:/UnityLab/ExamProject
Using Asset Import Pipeline V2.
Refreshing native plugins compatible for Editor in 67.55 ms, found 1 plugins.
Preloading 0 native plugins for Editor in 0.00 ms.
Initialize engine version: 2021.1.1f1 (6fdc41dfa55a)
[Subsystems] Discovering subsystems at path D:/Unity/unity 2017.4.3/Unity/2019.3.0f1/2021.1.1f1/Editor/Data/Resources/UnitySubsystems
[Subsystems] Discovering subsystems at path D:/UnityLab/ExamProject/Assets
GfxDevice: creating device client; threaded=0; jobified=0
Direct3D:
    Version:  Direct3D 11.0 [level 11.1]
    Renderer: NVIDIA GeForce GTX 1070 with Max-Q Design (ID=0x1ba1)
    Vendor:   NVIDIA
    VRAM:     8081 MB
    Driver:   24.21.13.9901
Initialize mono
Mono path[0] = 'D:/Unity/unity 2017.4.3/Unity/2019.3.0f1/2021.1.1f1/Editor/Data/Managed'
Mono path[1] = 'D:/Unity/unity 2017.4.3/Unity/2019.3.0f1/2021.1.1f1/Editor/Data/MonoBleedingEdge/lib/mono/unityjit'
Mono config path = 'D:/Unity/unity 2017.4.3/Unity/2019.3.0f1/2021.1.1f1/Editor/Data/MonoBleedingEdge/etc'
Using monoOptions --debugger-agent=transport=dt_socket,embedding=1,server=y,suspend=n,address=127.0.0.1:56552
Begin MonoManager ReloadAssembly
Registering precompiled unity dll's ...
Register platform support module: D:/Unity/unity 2017.4.3/Unity/2019.3.0f1/2021.1.1f1/Editor/Data/PlaybackEngines/WindowsStandaloneSupport/UnityEditor.WindowsStandalone.Extensions.dll
Registered in 0.002230 seconds.
Native extension for WindowsStandalone target not found
Refreshing native plugins compatible for Editor in 76.09 ms, found 1 plugins.
Preloading 0 native plugins for Editor in 0.00 ms.
Mono: successfully reloaded assembly
- Completed reload, in  2.058 seconds
Platform modules already initialized, skipping
Registering precompiled user dll's ...
Registered in 0.001445 seconds.
Begin MonoManager ReloadAssembly
Native extension for WindowsStandalone target not found
Refreshing native plugins compatible for Editor in 68.76 ms, found 1 plugins.
Preloading 0 native plugins for Editor in 0.00 ms.
Mono: successfully reloaded assembly
- Completed reload, in  2.187 seconds
Platform modules already initialized, skipping
========================================================================
Worker process is ready to serve import requests
Launched and connected shader compiler UnityShaderCompiler.exe after 0.10 seconds
Refreshing native plugins compatible for Editor in 0.50 ms, found 1 plugins.
Preloading 0 native plugins for Editor in 0.00 ms.
Unloading 1828 Unused Serialized files (Serialized files now loaded: 0)
System memory in use before: 86.8 MB.
System memory in use after: 86.9 MB.

Unloading 19 unused Assets to reduce memory usage. Loaded Objects now: 2291.
Total: 3.810400 ms (FindLiveObjects: 0.334700 ms CreateObjectMapping: 0.147300 ms MarkObjects: 3.232400 ms  DeleteObjects: 0.093600 ms)

========================================================================
Received Import Request.
  path: Assets/Scenes
  artifactKey: Guid(e4a587e356bd97c43990a68f115aa5e2) Importer(815301076,1909f56bfc062723c751e8b465ee728b)
Start importing Assets/Scenes using Guid(e4a587e356bd97c43990a68f115aa5e2) Importer(815301076,1909f56bfc062723c751e8b465ee728b)  -> (artifact id: 'e212a63e985a1cefba4d81d2541f692c') in 0.018260 seconds 
========================================================================
Received Prepare
Registering precompiled user dll's ...
Registered in 0.001306 seconds.
Begin MonoManager ReloadAssembly
Native extension for WindowsStandalone target not found
Refreshing native plugins compatible for Editor in 0.52 ms, found 1 plugins.
Preloading 0 native plugins for Editor in 0.00 ms.
Mono: successfully reloaded assembly
- Completed reload, in  1.830 seconds
Platform modules already initialized, skipping
Refreshing native plugins compatible for Editor in 0.68 ms, found 1 plugins.
Preloading 0 native plugins for Editor in 0.00 ms.
Unloading 1818 Unused Serialized files (Serialized files now loaded: 0)
System memory in use before: 86.3 MB.
System memory in use after: 86.4 MB.

Unloading 7 unused Assets to reduce memory usage. Loaded Objects now: 2295.
Total: 4.182800 ms (FindLiveObjects: 0.409700 ms CreateObjectMapping: 0.234700 ms MarkObjects: 3.501800 ms  DeleteObjects: 0.034600 ms)

========================================================================
Received Prepare
Registering precompiled user dll's ...
Registered in 0.001324 seconds.
Begin MonoManager ReloadAssembly
Native extension for WindowsStandalone target not found
Refreshing native plugins compatible for Editor in 2.54 ms, found 1 plugins.
Preloading 0 native plugins for Editor in 0.00 ms.
Mono: successfully reloaded assembly
- Completed reload, in  2.160 seconds
Platform modules already initialized, skipping
Refreshing native plugins compatible for Editor in 0.57 ms, found 1 plugins.
Preloading 0 native plugins for Editor in 0.00 ms.
Unloading 1818 Unused Serialized files (Serialized files now loaded: 0)
System memory in use before: 86.3 MB.
System memory in use after: 86.4 MB.

Unloading 7 unused Assets to reduce memory usage. Loaded Objects now: 2299.
Total: 4.036900 ms (FindLiveObjects: 0.284100 ms CreateObjectMapping: 0.134600 ms MarkObjects: 3.560900 ms  DeleteObjects: 0.055000 ms)

========================================================================
Received Import Request.
  Time since last request: 378.963966 seconds.
  path: Assets/Textures/Environment/grass.png
  artifactKey: Guid(f9b4a7af99d98e74288c29cab515ee99) Importer(815301076,1909f56bfc062723c751e8b465ee728b)
Start importing Assets/Textures/Environment/grass.png using Guid(f9b4a7af99d98e74288c29cab515ee99) Importer(815301076,1909f56bfc062723c751e8b465ee728b)  -> (artifact id: '6a8eee147359127f7c6f29aa7a853882') in 0.374768 seconds 
========================================================================
Received Import Request.
  Time since last request: 0.000436 seconds.
  path: Assets/Textures/Environment/grasshill.png
  artifactKey: Guid(77cb95f3c553bd5488e78cf9a611e613) Importer(815301076,1909f56bfc062723c751e8b465ee728b)
Start importing Assets/Textures/Environment/grasshill.png using Guid(77cb95f3c553bd5488e78cf9a611e613) Importer(815301076,1909f56bfc062723c751e8b465ee728b)  -> (artifact id: '0c0ce3b33c16906582047541622e642b') in 0.030288 seconds 
========================================================================
Received Import Request.
  Time since last request: 0.000443 seconds.
  path: Assets/Textures/Environment/sky.png
  artifactKey: Guid(fc4f39e5ca212be49926d133df5e907b) Importer(815301076,1909f56bfc062723c751e8b465ee728b)
Start importing Assets/Textures/Environment/sky.png using Guid(fc4f39e5ca212be49926d133df5e907b) Importer(815301076,1909f56bfc062723c751e8b465ee728b)  -> (artifact id: 'a22dcf82623237eeb8c5cfa585316da1') in 0.050734 seconds 
========================================================================
Received Import Request.
  Time since last request: 0.388595 seconds.
  path: Assets/New Folder/backpack.png
  artifactKey: Guid(2882e84699cc25a469d5ea8ae15005d7) Importer(815301076,1909f56bfc062723c751e8b465ee728b)
Start importing Assets/New Folder/backpack.png using Guid(2882e84699cc25a469d5ea8ae15005d7) Importer(815301076,1909f56bfc062723c751e8b465ee728b)  -> (artifact id: '57d4ec7126651ca19881cb057db3d7f1') in 0.025531 seconds 
========================================================================
Received Import Request.
  Time since last request: 0.000572 seconds.
  path: Assets/New Folder/cure_Y.png
  artifactKey: Guid(5771d4e0c65945c43b17fabfe967e914) Importer(815301076,1909f56bfc062723c751e8b465ee728b)
Start importing Assets/New Folder/cure_Y.png using Guid(5771d4e0c65945c43b17fabfe967e914) Importer(815301076,1909f56bfc062723c751e8b465ee728b)  -> (artifact id: 'b7886d2d9c822aa92e71a5843725fc6a') in 0.123105 seconds 
========================================================================
Received Import Request.
  Time since last request: 0.000426 seconds.
  path: Assets/New Folder/end.png
  artifactKey: Guid(07776c16c990fb548920f2f7380c1ba9) Importer(815301076,1909f56bfc062723c751e8b465ee728b)
Start importing Assets/New Folder/end.png using Guid(07776c16c990fb548920f2f7380c1ba9) Importer(815301076,1909f56bfc062723c751e8b465ee728b)  -> (artifact id: 'c25c0fccd9a54286f23af09ae99580fa') in 0.026590 seconds 
========================================================================
Received Import Request.
  Time since last request: 0.000541 seconds.
  path: Assets/New Folder/cure_G.png
  artifactKey: Guid(b060e0c3d665cde44a4773d0c299b0f4) Importer(815301076,1909f56bfc062723c751e8b465ee728b)
Start importing Assets/New Folder/cure_G.png using Guid(b060e0c3d665cde44a4773d0c299b0f4) Importer(815301076,1909f56bfc062723c751e8b465ee728b)  -> (artifact id: 'a8e6a03f5dd65fa350ceed79b2ba75e6') in 0.027988 seconds 
========================================================================
Received Import Request.
  Time since last request: 0.000534 seconds.
  path: Assets/New Folder/frame.png
  artifactKey: Guid(8c2536a2249eb79469a42f5f22bcf03e) Importer(815301076,1909f56bfc062723c751e8b465ee728b)
Start importing Assets/New Folder/frame.png using Guid(8c2536a2249eb79469a42f5f22bcf03e) Importer(815301076,1909f56bfc062723c751e8b465ee728b)  -> (artifact id: '5a17939edf940e1a458b2c8326df78ad') in 0.034778 seconds 
========================================================================
Received Import Request.
  Time since last request: 0.000493 seconds.
  path: Assets/New Folder/pressmouse.png
  artifactKey: Guid(1e19e4d5bbd68a744b9f5f656fb0d2a9) Importer(815301076,1909f56bfc062723c751e8b465ee728b)
Start importing Assets/New Folder/pressmouse.png using Guid(1e19e4d5bbd68a744b9f5f656fb0d2a9) Importer(815301076,1909f56bfc062723c751e8b465ee728b)  -> (artifact id: 'c150e801634172e563d734fb98ed9f38') in 0.030301 seconds 
========================================================================
Received Import Request.
  Time since last request: 0.000364 seconds.
  path: Assets/New Folder/choco.png
  artifactKey: Guid(e5a2fac294f28814ca608692769c6181) Importer(815301076,1909f56bfc062723c751e8b465ee728b)
Start importing Assets/New Folder/choco.png using Guid(e5a2fac294f28814ca608692769c6181) Importer(815301076,1909f56bfc062723c751e8b465ee728b)  -> (artifact id: 'a0d0e8e2d8b5c3a16242ec8070a3e3b3') in 0.022996 seconds 
========================================================================
Received Import Request.
  Time since last request: 0.000371 seconds.
  path: Assets/New Folder/pressarrow.png
  artifactKey: Guid(acd38c86ec7b2e64caf09f70ec66a1ad) Importer(815301076,1909f56bfc062723c751e8b465ee728b)
Start importing Assets/New Folder/pressarrow.png using Guid(acd38c86ec7b2e64caf09f70ec66a1ad) Importer(815301076,1909f56bfc062723c751e8b465ee728b)  -> (artifact id: 'c9337ca52b383643e4f626e84b242c10') in 0.022447 seconds 
========================================================================
Received Import Request.
  Time since last request: 0.000354 seconds.
  path: Assets/New Folder/plate.png
  artifactKey: Guid(9bb3fa300bb02ff43a43ae63eabdd945) Importer(815301076,1909f56bfc062723c751e8b465ee728b)
Start importing Assets/New Folder/plate.png using Guid(9bb3fa300bb02ff43a43ae63eabdd945) Importer(815301076,1909f56bfc062723c751e8b465ee728b)  -> (artifact id: 'b0dbcb2e8d8f93344706c04cf59e8102') in 0.030787 seconds 
========================================================================
Received Import Request.
  Time since last request: 0.000481 seconds.
  path: Assets/New Folder/cure_B.png
  artifactKey: Guid(9680bbdc7ba231b4fbddf43405b67abb) Importer(815301076,1909f56bfc062723c751e8b465ee728b)
Start importing Assets/New Folder/cure_B.png using Guid(9680bbdc7ba231b4fbddf43405b67abb) Importer(815301076,1909f56bfc062723c751e8b465ee728b)  -> (artifact id: 'ce2869e0d6a5770b047978ba270fa2f6') in 0.022794 seconds 
========================================================================
Received Import Request.
  Time since last request: 0.000436 seconds.
  path: Assets/New Folder/start.png
  artifactKey: Guid(0da19cd07dc44204dbbe3cf49a3eb282) Importer(815301076,1909f56bfc062723c751e8b465ee728b)
Start importing Assets/New Folder/start.png using Guid(0da19cd07dc44204dbbe3cf49a3eb282) Importer(815301076,1909f56bfc062723c751e8b465ee728b)  -> (artifact id: '1fa233e4ba469456534220984e8a91f4') in 0.028452 seconds 
========================================================================
Received Import Request.
  Time since last request: 0.000365 seconds.
  path: Assets/New Folder/knob.png
  artifactKey: Guid(24f041677c0adb1479329f9e4b9bcf6e) Importer(815301076,1909f56bfc062723c751e8b465ee728b)
Start importing Assets/New Folder/knob.png using Guid(24f041677c0adb1479329f9e4b9bcf6e) Importer(815301076,1909f56bfc062723c751e8b465ee728b)  -> (artifact id: 'c169dedd6b3a746d7a06ae21c68becca') in 0.024306 seconds 
========================================================================
Received Import Request.
  Time since last request: 0.000624 seconds.
  path: Assets/New Folder/key.png
  artifactKey: Guid(703e357b815120e4ea8e26d1b808b605) Importer(815301076,1909f56bfc062723c751e8b465ee728b)
Start importing Assets/New Folder/key.png using Guid(703e357b815120e4ea8e26d1b808b605) Importer(815301076,1909f56bfc062723c751e8b465ee728b)  -> (artifact id: 'fa52783cc9271d2b41ef492ae48a9f78') in 0.024969 seconds 
========================================================================
Received Import Request.
  Time since last request: 0.000493 seconds.
  path: Assets/New Folder/cure_R.png
  artifactKey: Guid(ace800208f3ce944a8f974e2f84e1db8) Importer(815301076,1909f56bfc062723c751e8b465ee728b)
Start importing Assets/New Folder/cure_R.png using Guid(ace800208f3ce944a8f974e2f84e1db8) Importer(815301076,1909f56bfc062723c751e8b465ee728b)  -> (artifact id: '617589f176d989c8f286780894d84975') in 0.029639 seconds 
========================================================================
Received Import Request.
  Time since last request: 0.000399 seconds.
  path: Assets/New Folder/choco_D.png
  artifactKey: Guid(66c03b5f7b96e8e4bb3ec06662718f9a) Importer(815301076,1909f56bfc062723c751e8b465ee728b)
Start importing Assets/New Folder/choco_D.png using Guid(66c03b5f7b96e8e4bb3ec06662718f9a) Importer(815301076,1909f56bfc062723c751e8b465ee728b)  -> (artifact id: 'c71c23bb18d5e3270ee96598b9d67db8') in 0.022688 seconds 
========================================================================
Received Import Request.
  Time since last request: 0.000375 seconds.
  path: Assets/New Folder/cure.png
  artifactKey: Guid(0043f0f5a0841b041b2f0fc9e757b88b) Importer(815301076,1909f56bfc062723c751e8b465ee728b)
Start importing Assets/New Folder/cure.png using Guid(0043f0f5a0841b041b2f0fc9e757b88b) Importer(815301076,1909f56bfc062723c751e8b465ee728b)  -> (artifact id: '37fe4b7fb77497f24f51500021dc225d') in 0.072080 seconds 
========================================================================
Received Import Request.
  Time since last request: 0.000416 seconds.
  path: Assets/New Folder/cross.png
  artifactKey: Guid(1a88c27e3ecd1d5468c6e03111a1cf9c) Importer(815301076,1909f56bfc062723c751e8b465ee728b)
Start importing Assets/New Folder/cross.png using Guid(1a88c27e3ecd1d5468c6e03111a1cf9c) Importer(815301076,1909f56bfc062723c751e8b465ee728b)  -> (artifact id: 'a93321e2501ea105dda5408107255a62') in 0.025730 seconds 
========================================================================
Received Import Request.
  Time since last request: 0.000544 seconds.
  path: Assets/New Folder/cure_O.png
  artifactKey: Guid(0c09e15da64d16d4da4e37bce9c5aebc) Importer(815301076,1909f56bfc062723c751e8b465ee728b)
Start importing Assets/New Folder/cure_O.png using Guid(0c09e15da64d16d4da4e37bce9c5aebc) Importer(815301076,1909f56bfc062723c751e8b465ee728b)  -> (artifact id: 'd936c15f9149cfba04cb11d33f4ed604') in 0.024968 seconds 
========================================================================
Received Import Request.
  Time since last request: 0.000425 seconds.
  path: Assets/New Folder/dialogue.png
  artifactKey: Guid(6f020ae20dabce241b7c1d214ba80e96) Importer(815301076,1909f56bfc062723c751e8b465ee728b)
Start importing Assets/New Folder/dialogue.png using Guid(6f020ae20dabce241b7c1d214ba80e96) Importer(815301076,1909f56bfc062723c751e8b465ee728b)  -> (artifact id: '615e320b79789e894c99c8096cec7a4b') in 0.050886 seconds 
========================================================================
Received Import Request.
  Time since last request: 0.000501 seconds.
  path: Assets/New Folder/framebg.png
  artifactKey: Guid(c087085fd9d91c7439ba6031c2d37f36) Importer(815301076,1909f56bfc062723c751e8b465ee728b)
Start importing Assets/New Folder/framebg.png using Guid(c087085fd9d91c7439ba6031c2d37f36) Importer(815301076,1909f56bfc062723c751e8b465ee728b)  -> (artifact id: '53b21ce88b1ee0576a69bf6c667776da') in 0.024061 seconds 
========================================================================
Received Import Request.
  Time since last request: 40.967968 seconds.
  path: Assets/Textures/Bagpack
  artifactKey: Guid(03e48a20c39628043a982c479e9bee82) Importer(815301076,1909f56bfc062723c751e8b465ee728b)
Start importing Assets/Textures/Bagpack using Guid(03e48a20c39628043a982c479e9bee82) Importer(815301076,1909f56bfc062723c751e8b465ee728b)  -> (artifact id: '1e7e3f1760f38fc9a3e2226b2c9a1cc7') in 0.012221 seconds 
========================================================================
Received Prepare
Registering precompiled user dll's ...
Registered in 0.001375 seconds.
Begin MonoManager ReloadAssembly
Native extension for WindowsStandalone target not found
Refreshing native plugins compatible for Editor in 0.69 ms, found 1 plugins.
Preloading 0 native plugins for Editor in 0.00 ms.
Mono: successfully reloaded assembly
- Completed reload, in  2.039 seconds
Platform modules already initialized, skipping
Refreshing native plugins compatible for Editor in 0.51 ms, found 1 plugins.
Preloading 0 native plugins for Editor in 0.00 ms.
Unloading 1842 Unused Serialized files (Serialized files now loaded: 0)
System memory in use before: 101.6 MB.
System memory in use after: 101.8 MB.

Unloading 7 unused Assets to reduce memory usage. Loaded Objects now: 2671.
Total: 3.794000 ms (FindLiveObjects: 0.295400 ms CreateObjectMapping: 0.157900 ms MarkObjects: 3.300200 ms  DeleteObjects: 0.038600 ms)

========================================================================
Received Prepare
Registering precompiled user dll's ...
Registered in 0.001514 seconds.
Begin MonoManager ReloadAssembly
Native extension for WindowsStandalone target not found
Refreshing native plugins compatible for Editor in 0.62 ms, found 1 plugins.
Preloading 0 native plugins for Editor in 0.00 ms.
Mono: successfully reloaded assembly
- Completed reload, in  1.788 seconds
Platform modules already initialized, skipping
Refreshing native plugins compatible for Editor in 0.52 ms, found 1 plugins.
Preloading 0 native plugins for Editor in 0.00 ms.
Unloading 1820 Unused Serialized files (Serialized files now loaded: 0)
System memory in use before: 100.8 MB.
System memory in use after: 100.9 MB.

Unloading 7 unused Assets to reduce memory usage. Loaded Objects now: 2676.
Total: 3.875000 ms (FindLiveObjects: 0.328800 ms CreateObjectMapping: 0.145200 ms MarkObjects: 3.362400 ms  DeleteObjects: 0.037100 ms)

========================================================================
Received Import Request.
  Time since last request: 1475.053185 seconds.
  path: Assets/New Folder/framebg.png
  artifactKey: Guid(c087085fd9d91c7439ba6031c2d37f36) Importer(815301076,1909f56bfc062723c751e8b465ee728b)
Start importing Assets/New Folder/framebg.png using Guid(c087085fd9d91c7439ba6031c2d37f36) Importer(815301076,1909f56bfc062723c751e8b465ee728b)  -> (artifact id: 'f0d68540c2f37fc6ede4cb29352833f8') in 0.856506 seconds 
========================================================================
Received Prepare
Registering precompiled user dll's ...
Registered in 0.001333 seconds.
Begin MonoManager ReloadAssembly
Native extension for WindowsStandalone target not found
Refreshing native plugins compatible for Editor in 0.53 ms, found 1 plugins.
Preloading 0 native plugins for Editor in 0.00 ms.
Mono: successfully reloaded assembly
- Completed reload, in  1.800 seconds
Platform modules already initialized, skipping
Refreshing native plugins compatible for Editor in 0.53 ms, found 1 plugins.
Preloading 0 native plugins for Editor in 0.00 ms.
Unloading 1820 Unused Serialized files (Serialized files now loaded: 0)
System memory in use before: 101.2 MB.
System memory in use after: 101.4 MB.

Unloading 7 unused Assets to reduce memory usage. Loaded Objects now: 2695.
Total: 4.588800 ms (FindLiveObjects: 0.649800 ms CreateObjectMapping: 0.199000 ms MarkObjects: 3.688800 ms  DeleteObjects: 0.048300 ms)

========================================================================
Received Prepare
Registering precompiled user dll's ...
Registered in 0.001951 seconds.
Begin MonoManager ReloadAssembly
Native extension for WindowsStandalone target not found
Refreshing native plugins compatible for Editor in 0.53 ms, found 1 plugins.
Preloading 0 native plugins for Editor in 0.00 ms.
Mono: successfully reloaded assembly
- Completed reload, in  1.756 seconds
Platform modules already initialized, skipping
Refreshing native plugins compatible for Editor in 0.53 ms, found 1 plugins.
Preloading 0 native plugins for Editor in 0.00 ms.
Unloading 1820 Unused Serialized files (Serialized files now loaded: 0)
System memory in use before: 101.3 MB.
System memory in use after: 101.4 MB.

Unloading 7 unused Assets to reduce memory usage. Loaded Objects now: 2699.
Total: 4.071400 ms (FindLiveObjects: 0.357300 ms CreateObjectMapping: 0.121100 ms MarkObjects: 3.557100 ms  DeleteObjects: 0.033800 ms)

========================================================================
Received Prepare
Registering precompiled user dll's ...
Registered in 0.001332 seconds.
Begin MonoManager ReloadAssembly
Native extension for WindowsStandalone target not found
Refreshing native plugins compatible for Editor in 0.53 ms, found 1 plugins.
Preloading 0 native plugins for Editor in 0.00 ms.
Mono: successfully reloaded assembly
- Completed reload, in  2.011 seconds
Platform modules already initialized, skipping
Refreshing native plugins compatible for Editor in 0.62 ms, found 1 plugins.
Preloading 0 native plugins for Editor in 0.00 ms.
Unloading 1820 Unused Serialized files (Serialized files now loaded: 0)
System memory in use before: 101.3 MB.
System memory in use after: 101.4 MB.

Unloading 7 unused Assets to reduce memory usage. Loaded Objects now: 2703.
Total: 6.214200 ms (FindLiveObjects: 0.476300 ms CreateObjectMapping: 0.186600 ms MarkObjects: 5.505200 ms  DeleteObjects: 0.043600 ms)

========================================================================
Received Prepare
Registering precompiled user dll's ...
Registered in 0.001685 seconds.
Begin MonoManager ReloadAssembly
Native extension for WindowsStandalone target not found
Refreshing native plugins compatible for Editor in 0.90 ms, found 1 plugins.
Preloading 0 native plugins for Editor in 0.00 ms.
Mono: successfully reloaded assembly
- Completed reload, in  2.192 seconds
Platform modules already initialized, skipping
Refreshing native plugins compatible for Editor in 0.53 ms, found 1 plugins.
Preloading 0 native plugins for Editor in 0.00 ms.
Unloading 1820 Unused Serialized files (Serialized files now loaded: 0)
System memory in use before: 101.3 MB.
System memory in use after: 101.4 MB.

Unloading 7 unused Assets to reduce memory usage. Loaded Objects now: 2707.
Total: 4.505100 ms (FindLiveObjects: 0.686200 ms CreateObjectMapping: 0.244100 ms MarkObjects: 3.525900 ms  DeleteObjects: 0.043900 ms)

========================================================================
Received Prepare
Registering precompiled user dll's ...
Registered in 0.001822 seconds.
Begin MonoManager ReloadAssembly
Native extension for WindowsStandalone target not found
Refreshing native plugins compatible for Editor in 0.57 ms, found 1 plugins.
Preloading 0 native plugins for Editor in 0.00 ms.
Mono: successfully reloaded assembly
- Completed reload, in  1.741 seconds
Platform modules already initialized, skipping
Refreshing native plugins compatible for Editor in 0.52 ms, found 1 plugins.
Preloading 0 native plugins for Editor in 0.00 ms.
Unloading 1820 Unused Serialized files (Serialized files now loaded: 0)
System memory in use before: 101.3 MB.
System memory in use after: 101.5 MB.

Unloading 7 unused Assets to reduce memory usage. Loaded Objects now: 2711.
Total: 4.321700 ms (FindLiveObjects: 0.515200 ms CreateObjectMapping: 0.288300 ms MarkObjects: 3.488900 ms  DeleteObjects: 0.027000 ms)

========================================================================
Received Import Request.
  Time since last request: 957.501781 seconds.
  path: Assets/Scripts/UIBagpack.cs
  artifactKey: Guid(94ded2470f1e07546be3824625b095f8) Importer(815301076,1909f56bfc062723c751e8b465ee728b)
Start importing Assets/Scripts/UIBagpack.cs using Guid(94ded2470f1e07546be3824625b095f8) Importer(815301076,1909f56bfc062723c751e8b465ee728b)  -> (artifact id: '3b5a9533ef0c3de0b3a417b184ac09d1') in 0.028942 seconds 
========================================================================
Received Prepare
Registering precompiled user dll's ...
Registered in 0.001331 seconds.
Begin MonoManager ReloadAssembly
Native extension for WindowsStandalone target not found
Refreshing native plugins compatible for Editor in 0.52 ms, found 1 plugins.
Preloading 0 native plugins for Editor in 0.00 ms.
Mono: successfully reloaded assembly
- Completed reload, in  1.928 seconds
Platform modules already initialized, skipping
Refreshing native plugins compatible for Editor in 0.58 ms, found 1 plugins.
Preloading 0 native plugins for Editor in 0.00 ms.
Unloading 1820 Unused Serialized files (Serialized files now loaded: 0)
System memory in use before: 101.3 MB.
System memory in use after: 101.5 MB.

Unloading 7 unused Assets to reduce memory usage. Loaded Objects now: 2715.
Total: 4.796000 ms (FindLiveObjects: 0.695000 ms CreateObjectMapping: 0.190800 ms MarkObjects: 3.871300 ms  DeleteObjects: 0.035500 ms)

========================================================================
Received Prepare
Registering precompiled user dll's ...
Registered in 0.001583 seconds.
Begin MonoManager ReloadAssembly
Native extension for WindowsStandalone target not found
Refreshing native plugins compatible for Editor in 0.57 ms, found 1 plugins.
Preloading 0 native plugins for Editor in 0.00 ms.
Mono: successfully reloaded assembly
- Completed reload, in  1.771 seconds
Platform modules already initialized, skipping
Refreshing native plugins compatible for Editor in 0.55 ms, found 1 plugins.
Preloading 0 native plugins for Editor in 0.00 ms.
Unloading 1820 Unused Serialized files (Serialized files now loaded: 0)
System memory in use before: 101.4 MB.
System memory in use after: 101.5 MB.

Unloading 7 unused Assets to reduce memory usage. Loaded Objects now: 2719.
Total: 4.169300 ms (FindLiveObjects: 0.473600 ms CreateObjectMapping: 0.213700 ms MarkObjects: 3.452000 ms  DeleteObjects: 0.027600 ms)

========================================================================
Received Prepare
Registering precompiled user dll's ...
Registered in 0.001340 seconds.
Begin MonoManager ReloadAssembly
Native extension for WindowsStandalone target not found
Refreshing native plugins compatible for Editor in 0.53 ms, found 1 plugins.
Preloading 0 native plugins for Editor in 0.00 ms.
Mono: successfully reloaded assembly
- Completed reload, in  1.748 seconds
Platform modules already initialized, skipping
Refreshing native plugins compatible for Editor in 0.62 ms, found 1 plugins.
Preloading 0 native plugins for Editor in 0.00 ms.
Unloading 1820 Unused Serialized files (Serialized files now loaded: 0)
System memory in use before: 101.4 MB.
System memory in use after: 101.5 MB.

Unloading 7 unused Assets to reduce memory usage. Loaded Objects now: 2723.
Total: 4.716100 ms (FindLiveObjects: 0.507000 ms CreateObjectMapping: 0.232300 ms MarkObjects: 3.947200 ms  DeleteObjects: 0.027100 ms)

========================================================================
Received Prepare
Registering precompiled user dll's ...
Registered in 0.001323 seconds.
Begin MonoManager ReloadAssembly
Native extension for WindowsStandalone target not found
Refreshing native plugins compatible for Editor in 0.95 ms, found 1 plugins.
Preloading 0 native plugins for Editor in 0.00 ms.
Mono: successfully reloaded assembly
- Completed reload, in  1.837 seconds
Platform modules already initialized, skipping
Refreshing native plugins compatible for Editor in 0.59 ms, found 1 plugins.
Preloading 0 native plugins for Editor in 0.00 ms.
Unloading 1820 Unused Serialized files (Serialized files now loaded: 0)
System memory in use before: 101.4 MB.
System memory in use after: 101.5 MB.

Unloading 7 unused Assets to reduce memory usage. Loaded Objects now: 2727.
Total: 4.673300 ms (FindLiveObjects: 0.401900 ms CreateObjectMapping: 0.167300 ms MarkObjects: 4.066200 ms  DeleteObjects: 0.036200 ms)

========================================================================
Received Prepare
Registering precompiled user dll's ...
Registered in 0.001306 seconds.
Begin MonoManager ReloadAssembly
Native extension for WindowsStandalone target not found
Refreshing native plugins compatible for Editor in 0.54 ms, found 1 plugins.
Preloading 0 native plugins for Editor in 0.00 ms.
Mono: successfully reloaded assembly
- Completed reload, in  1.827 seconds
Platform modules already initialized, skipping
Refreshing native plugins compatible for Editor in 0.89 ms, found 1 plugins.
Preloading 0 native plugins for Editor in 0.00 ms.
Unloading 1820 Unused Serialized files (Serialized files now loaded: 0)
System memory in use before: 101.4 MB.
System memory in use after: 101.5 MB.

Unloading 7 unused Assets to reduce memory usage. Loaded Objects now: 2731.
Total: 5.194800 ms (FindLiveObjects: 0.745800 ms CreateObjectMapping: 0.294400 ms MarkObjects: 4.121000 ms  DeleteObjects: 0.031800 ms)

========================================================================
Received Prepare
Registering precompiled user dll's ...
Registered in 0.001373 seconds.
Begin MonoManager ReloadAssembly
Native extension for WindowsStandalone target not found
Refreshing native plugins compatible for Editor in 0.91 ms, found 1 plugins.
Preloading 0 native plugins for Editor in 0.00 ms.
Mono: successfully reloaded assembly
- Completed reload, in  1.805 seconds
Platform modules already initialized, skipping
Refreshing native plugins compatible for Editor in 0.57 ms, found 1 plugins.
Preloading 0 native plugins for Editor in 0.00 ms.
Unloading 1820 Unused Serialized files (Serialized files now loaded: 0)
System memory in use before: 101.4 MB.
System memory in use after: 101.5 MB.

Unloading 7 unused Assets to reduce memory usage. Loaded Objects now: 2735.
Total: 4.922900 ms (FindLiveObjects: 0.505800 ms CreateObjectMapping: 0.264900 ms MarkObjects: 4.114100 ms  DeleteObjects: 0.036000 ms)

========================================================================
Received Prepare
Registering precompiled user dll's ...
Registered in 0.001336 seconds.
Begin MonoManager ReloadAssembly
Native extension for WindowsStandalone target not found
Refreshing native plugins compatible for Editor in 0.85 ms, found 1 plugins.
Preloading 0 native plugins for Editor in 0.00 ms.
Mono: successfully reloaded assembly
- Completed reload, in  1.781 seconds
Platform modules already initialized, skipping
Refreshing native plugins compatible for Editor in 0.52 ms, found 1 plugins.
Preloading 0 native plugins for Editor in 0.00 ms.
Unloading 1820 Unused Serialized files (Serialized files now loaded: 0)
System memory in use before: 101.4 MB.
System memory in use after: 101.5 MB.

Unloading 7 unused Assets to reduce memory usage. Loaded Objects now: 2739.
Total: 4.700800 ms (FindLiveObjects: 0.472200 ms CreateObjectMapping: 0.318200 ms MarkObjects: 3.876700 ms  DeleteObjects: 0.031400 ms)

========================================================================
Received Prepare
Registering precompiled user dll's ...
Registered in 0.001931 seconds.
Begin MonoManager ReloadAssembly
Native extension for WindowsStandalone target not found
Refreshing native plugins compatible for Editor in 0.83 ms, found 1 plugins.
Preloading 0 native plugins for Editor in 0.00 ms.
Mono: successfully reloaded assembly
- Completed reload, in  1.990 seconds
Platform modules already initialized, skipping
Refreshing native plugins compatible for Editor in 0.52 ms, found 1 plugins.
Preloading 0 native plugins for Editor in 0.00 ms.
Unloading 1820 Unused Serialized files (Serialized files now loaded: 0)
System memory in use before: 101.5 MB.
System memory in use after: 101.6 MB.

Unloading 7 unused Assets to reduce memory usage. Loaded Objects now: 2743.
Total: 4.463400 ms (FindLiveObjects: 0.364300 ms CreateObjectMapping: 0.171800 ms MarkObjects: 3.885400 ms  DeleteObjects: 0.039900 ms)

========================================================================
Received Prepare
Registering precompiled user dll's ...
Registered in 0.001421 seconds.
Begin MonoManager ReloadAssembly
Native extension for WindowsStandalone target not found
Refreshing native plugins compatible for Editor in 0.54 ms, found 1 plugins.
Preloading 0 native plugins for Editor in 0.00 ms.
Mono: successfully reloaded assembly
- Completed reload, in  1.909 seconds
Platform modules already initialized, skipping
Refreshing native plugins compatible for Editor in 0.57 ms, found 1 plugins.
Preloading 0 native plugins for Editor in 0.00 ms.
Unloading 1820 Unused Serialized files (Serialized files now loaded: 0)
System memory in use before: 101.5 MB.
System memory in use after: 101.6 MB.

Unloading 7 unused Assets to reduce memory usage. Loaded Objects now: 2747.
Total: 4.594900 ms (FindLiveObjects: 0.330900 ms CreateObjectMapping: 0.144100 ms MarkObjects: 4.078200 ms  DeleteObjects: 0.040300 ms)

========================================================================
Received Prepare
Registering precompiled user dll's ...
Registered in 0.001386 seconds.
Begin MonoManager ReloadAssembly
Native extension for WindowsStandalone target not found
Refreshing native plugins compatible for Editor in 0.54 ms, found 1 plugins.
Preloading 0 native plugins for Editor in 0.00 ms.
Mono: successfully reloaded assembly
- Completed reload, in  1.860 seconds
Platform modules already initialized, skipping
Refreshing native plugins compatible for Editor in 0.59 ms, found 1 plugins.
Preloading 0 native plugins for Editor in 0.00 ms.
Unloading 1820 Unused Serialized files (Serialized files now loaded: 0)
System memory in use before: 101.5 MB.
System memory in use after: 101.7 MB.

Unloading 7 unused Assets to reduce memory usage. Loaded Objects now: 2751.
Total: 4.762100 ms (FindLiveObjects: 0.382000 ms CreateObjectMapping: 0.200100 ms MarkObjects: 4.142700 ms  DeleteObjects: 0.036000 ms)

========================================================================
Received Import Request.
  Time since last request: 1036.090776 seconds.
  path: Assets/Textures/Player/Walking.anim
  artifactKey: Guid(d3e1ffc309930384da97d8bc7ca70d44) Importer(815301076,1909f56bfc062723c751e8b465ee728b)
Start importing Assets/Textures/Player/Walking.anim using Guid(d3e1ffc309930384da97d8bc7ca70d44) Importer(815301076,1909f56bfc062723c751e8b465ee728b)  -> (artifact id: 'ac7df33e7a3667830c6d8e86d2151d37') in 0.039893 seconds 
========================================================================
Received Prepare
Registering precompiled user dll's ...
Registered in 0.002296 seconds.
Begin MonoManager ReloadAssembly
Native extension for WindowsStandalone target not found
Refreshing native plugins compatible for Editor in 0.55 ms, found 1 plugins.
Preloading 0 native plugins for Editor in 0.00 ms.
Mono: successfully reloaded assembly
- Completed reload, in  1.678 seconds
Platform modules already initialized, skipping
Refreshing native plugins compatible for Editor in 0.58 ms, found 1 plugins.
Preloading 0 native plugins for Editor in 0.00 ms.
Unloading 1820 Unused Serialized files (Serialized files now loaded: 0)
System memory in use before: 101.5 MB.
System memory in use after: 101.7 MB.

Unloading 7 unused Assets to reduce memory usage. Loaded Objects now: 2755.
Total: 4.334500 ms (FindLiveObjects: 0.378900 ms CreateObjectMapping: 0.162500 ms MarkObjects: 3.755800 ms  DeleteObjects: 0.035200 ms)

========================================================================
Received Prepare
Registering precompiled user dll's ...
Registered in 0.001325 seconds.
Begin MonoManager ReloadAssembly
Native extension for WindowsStandalone target not found
Refreshing native plugins compatible for Editor in 1.52 ms, found 1 plugins.
Preloading 0 native plugins for Editor in 0.00 ms.
Mono: successfully reloaded assembly
- Completed reload, in  1.861 seconds
Platform modules already initialized, skipping
Refreshing native plugins compatible for Editor in 0.52 ms, found 1 plugins.
Preloading 0 native plugins for Editor in 0.00 ms.
Unloading 1820 Unused Serialized files (Serialized files now loaded: 0)
System memory in use before: 101.6 MB.
System memory in use after: 101.7 MB.

Unloading 7 unused Assets to reduce memory usage. Loaded Objects now: 2759.
Total: 6.834800 ms (FindLiveObjects: 0.898300 ms CreateObjectMapping: 0.340200 ms MarkObjects: 5.531400 ms  DeleteObjects: 0.060700 ms)

========================================================================
Received Import Request.
  Time since last request: 316.415697 seconds.
  path: Assets/Textures/Player/duck.controller
  artifactKey: Guid(618dcd8226ccc214f822a3a7bf73cbc5) Importer(815301076,1909f56bfc062723c751e8b465ee728b)
Start importing Assets/Textures/Player/duck.controller using Guid(618dcd8226ccc214f822a3a7bf73cbc5) Importer(815301076,1909f56bfc062723c751e8b465ee728b)  -> (artifact id: '012dcd79a1e36d3beb252f265db80e2a') in 0.034878 seconds 
========================================================================
Received Import Request.
  Time since last request: 13.283887 seconds.
  path: Assets/Textures/Player/duck_00.png
  artifactKey: Guid(ad80771410ea09340a14e997678b0cfa) Importer(815301076,1909f56bfc062723c751e8b465ee728b)
Start importing Assets/Textures/Player/duck_00.png using Guid(ad80771410ea09340a14e997678b0cfa) Importer(815301076,1909f56bfc062723c751e8b465ee728b)  -> (artifact id: '078049155a9c181b60bf30a37cca1ac3') in 0.092924 seconds 
========================================================================
Received Import Request.
  Time since last request: 0.000436 seconds.
  path: Assets/Textures/Player/duck_neck.png
  artifactKey: Guid(fb9976299414db94887da78de21a21f2) Importer(815301076,1909f56bfc062723c751e8b465ee728b)
Start importing Assets/Textures/Player/duck_neck.png using Guid(fb9976299414db94887da78de21a21f2) Importer(815301076,1909f56bfc062723c751e8b465ee728b)  -> (artifact id: '153a4f821d9d71cb4b6b3bf90ba59675') in 0.026540 seconds 
========================================================================
Received Import Request.
  Time since last request: 0.000482 seconds.
  path: Assets/Textures/Player/duck_head.png
  artifactKey: Guid(835fe527b6c11f644a588ea6b1cc8e2a) Importer(815301076,1909f56bfc062723c751e8b465ee728b)
Start importing Assets/Textures/Player/duck_head.png using Guid(835fe527b6c11f644a588ea6b1cc8e2a) Importer(815301076,1909f56bfc062723c751e8b465ee728b)  -> (artifact id: 'f6525fa4011a501b5d79f7a07c18017b') in 0.030928 seconds 
========================================================================
Received Import Request.
  Time since last request: 0.000478 seconds.
  path: Assets/Textures/Player/duck_body.png
  artifactKey: Guid(8a923fe45b7c7274cb765015ee178c41) Importer(815301076,1909f56bfc062723c751e8b465ee728b)
Start importing Assets/Textures/Player/duck_body.png using Guid(8a923fe45b7c7274cb765015ee178c41) Importer(815301076,1909f56bfc062723c751e8b465ee728b)  -> (artifact id: 'ebb69b31aba068974e3c2bdd4ac2bb8f') in 0.029843 seconds 
========================================================================
Received Import Request.
  Time since last request: 0.000463 seconds.
  path: Assets/Textures/Player/duck_left_leg.png
  artifactKey: Guid(6b0853d8f0ef16341ac145e190b2eb5f) Importer(815301076,1909f56bfc062723c751e8b465ee728b)
Start importing Assets/Textures/Player/duck_left_leg.png using Guid(6b0853d8f0ef16341ac145e190b2eb5f) Importer(815301076,1909f56bfc062723c751e8b465ee728b)  -> (artifact id: '68b3f701988dd6b09fc612886672be75') in 0.024703 seconds 
========================================================================
Received Import Request.
  Time since last request: 0.000411 seconds.
  path: Assets/Textures/Player/duck_right_leg.png
  artifactKey: Guid(304628853239ecf40986caae1deba078) Importer(815301076,1909f56bfc062723c751e8b465ee728b)
Start importing Assets/Textures/Player/duck_right_leg.png using Guid(304628853239ecf40986caae1deba078) Importer(815301076,1909f56bfc062723c751e8b465ee728b)  -> (artifact id: 'be16ecae9e44ffb048aae5d2c1eb7381') in 0.027101 seconds 
========================================================================
Received Prepare
Registering precompiled user dll's ...
Registered in 0.001926 seconds.
Begin MonoManager ReloadAssembly
Native extension for WindowsStandalone target not found
Refreshing native plugins compatible for Editor in 0.53 ms, found 1 plugins.
Preloading 0 native plugins for Editor in 0.00 ms.
Mono: successfully reloaded assembly
- Completed reload, in  1.843 seconds
Platform modules already initialized, skipping
Refreshing native plugins compatible for Editor in 0.51 ms, found 1 plugins.
Preloading 0 native plugins for Editor in 0.00 ms.
Unloading 1826 Unused Serialized files (Serialized files now loaded: 0)
System memory in use before: 104.4 MB.
System memory in use after: 104.6 MB.

Unloading 7 unused Assets to reduce memory usage. Loaded Objects now: 2866.
Total: 4.428200 ms (FindLiveObjects: 0.481400 ms CreateObjectMapping: 0.190800 ms MarkObjects: 3.718400 ms  DeleteObjects: 0.035300 ms)

========================================================================
Received Prepare
Registering precompiled user dll's ...
Registered in 0.001946 seconds.
Begin MonoManager ReloadAssembly
Native extension for WindowsStandalone target not found
Refreshing native plugins compatible for Editor in 0.55 ms, found 1 plugins.
Preloading 0 native plugins for Editor in 0.00 ms.
Mono: successfully reloaded assembly
- Completed reload, in  1.838 seconds
Platform modules already initialized, skipping
Refreshing native plugins compatible for Editor in 0.53 ms, found 1 plugins.
Preloading 0 native plugins for Editor in 0.00 ms.
Unloading 1820 Unused Serialized files (Serialized files now loaded: 0)
System memory in use before: 104.2 MB.
System memory in use after: 104.3 MB.

Unloading 7 unused Assets to reduce memory usage. Loaded Objects now: 2870.
Total: 5.596200 ms (FindLiveObjects: 0.386400 ms CreateObjectMapping: 0.149200 ms MarkObjects: 5.020800 ms  DeleteObjects: 0.037900 ms)

========================================================================
Received Prepare
Registering precompiled user dll's ...
Registered in 0.001337 seconds.
Begin MonoManager ReloadAssembly
Native extension for WindowsStandalone target not found
Refreshing native plugins compatible for Editor in 0.51 ms, found 1 plugins.
Preloading 0 native plugins for Editor in 0.00 ms.
Mono: successfully reloaded assembly
- Completed reload, in  2.082 seconds
Platform modules already initialized, skipping
Refreshing native plugins compatible for Editor in 0.60 ms, found 1 plugins.
Preloading 0 native plugins for Editor in 0.00 ms.
Unloading 1820 Unused Serialized files (Serialized files now loaded: 0)
System memory in use before: 104.2 MB.
System memory in use after: 104.3 MB.

Unloading 7 unused Assets to reduce memory usage. Loaded Objects now: 2874.
Total: 4.633700 ms (FindLiveObjects: 0.382600 ms CreateObjectMapping: 0.169000 ms MarkObjects: 4.042600 ms  DeleteObjects: 0.037100 ms)

========================================================================
Received Prepare
Registering precompiled user dll's ...
Registered in 0.001341 seconds.
Begin MonoManager ReloadAssembly
Native extension for WindowsStandalone target not found
Refreshing native plugins compatible for Editor in 0.54 ms, found 1 plugins.
Preloading 0 native plugins for Editor in 0.00 ms.
Mono: successfully reloaded assembly
- Completed reload, in  1.852 seconds
Platform modules already initialized, skipping
Refreshing native plugins compatible for Editor in 0.61 ms, found 1 plugins.
Preloading 0 native plugins for Editor in 0.00 ms.
Unloading 1820 Unused Serialized files (Serialized files now loaded: 0)
System memory in use before: 104.2 MB.
System memory in use after: 104.3 MB.

Unloading 7 unused Assets to reduce memory usage. Loaded Objects now: 2878.
Total: 7.570400 ms (FindLiveObjects: 0.678400 ms CreateObjectMapping: 0.754000 ms MarkObjects: 6.068100 ms  DeleteObjects: 0.065800 ms)

========================================================================
Received Prepare
Registering precompiled user dll's ...
Registered in 0.001614 seconds.
Begin MonoManager ReloadAssembly
Native extension for WindowsStandalone target not found
Refreshing native plugins compatible for Editor in 0.53 ms, found 1 plugins.
Preloading 0 native plugins for Editor in 0.00 ms.
Mono: successfully reloaded assembly
- Completed reload, in  1.819 seconds
Platform modules already initialized, skipping
Refreshing native plugins compatible for Editor in 0.54 ms, found 1 plugins.
Preloading 0 native plugins for Editor in 0.00 ms.
Unloading 1820 Unused Serialized files (Serialized files now loaded: 0)
System memory in use before: 104.2 MB.
System memory in use after: 104.3 MB.

Unloading 7 unused Assets to reduce memory usage. Loaded Objects now: 2882.
Total: 4.127200 ms (FindLiveObjects: 0.358200 ms CreateObjectMapping: 0.168100 ms MarkObjects: 3.561200 ms  DeleteObjects: 0.038000 ms)

========================================================================
Received Prepare
Registering precompiled user dll's ...
Registered in 0.001367 seconds.
Begin MonoManager ReloadAssembly
Native extension for WindowsStandalone target not found
Refreshing native plugins compatible for Editor in 0.53 ms, found 1 plugins.
Preloading 0 native plugins for Editor in 0.00 ms.
Mono: successfully reloaded assembly
- Completed reload, in  1.961 seconds
Platform modules already initialized, skipping
Refreshing native plugins compatible for Editor in 0.82 ms, found 1 plugins.
Preloading 0 native plugins for Editor in 0.00 ms.
Unloading 1821 Unused Serialized files (Serialized files now loaded: 0)
System memory in use before: 104.2 MB.
System memory in use after: 104.4 MB.

Unloading 7 unused Assets to reduce memory usage. Loaded Objects now: 2887.
Total: 4.333500 ms (FindLiveObjects: 0.415300 ms CreateObjectMapping: 0.155900 ms MarkObjects: 3.733400 ms  DeleteObjects: 0.026700 ms)

========================================================================
Received Prepare
Registering precompiled user dll's ...
Registered in 0.001309 seconds.
Begin MonoManager ReloadAssembly
Native extension for WindowsStandalone target not found
Refreshing native plugins compatible for Editor in 0.53 ms, found 1 plugins.
Preloading 0 native plugins for Editor in 0.00 ms.
Mono: successfully reloaded assembly
- Completed reload, in  1.879 seconds
Platform modules already initialized, skipping
Refreshing native plugins compatible for Editor in 0.64 ms, found 1 plugins.
Preloading 0 native plugins for Editor in 0.00 ms.
Unloading 1821 Unused Serialized files (Serialized files now loaded: 0)
System memory in use before: 104.3 MB.
System memory in use after: 104.4 MB.

Unloading 7 unused Assets to reduce memory usage. Loaded Objects now: 2891.
Total: 4.627400 ms (FindLiveObjects: 0.672300 ms CreateObjectMapping: 0.273300 ms MarkObjects: 3.637700 ms  DeleteObjects: 0.041800 ms)

========================================================================
Received Prepare
Registering precompiled user dll's ...
Registered in 0.001316 seconds.
Begin MonoManager ReloadAssembly
Native extension for WindowsStandalone target not found
Refreshing native plugins compatible for Editor in 0.53 ms, found 1 plugins.
Preloading 0 native plugins for Editor in 0.00 ms.
Mono: successfully reloaded assembly
- Completed reload, in  1.819 seconds
Platform modules already initialized, skipping
Refreshing native plugins compatible for Editor in 0.56 ms, found 1 plugins.
Preloading 0 native plugins for Editor in 0.00 ms.
Unloading 1821 Unused Serialized files (Serialized files now loaded: 0)
System memory in use before: 104.3 MB.
System memory in use after: 104.4 MB.

Unloading 7 unused Assets to reduce memory usage. Loaded Objects now: 2895.
Total: 4.523300 ms (FindLiveObjects: 0.485900 ms CreateObjectMapping: 0.183100 ms MarkObjects: 3.819000 ms  DeleteObjects: 0.032300 ms)

========================================================================
Received Prepare
Registering precompiled user dll's ...
Registered in 0.001344 seconds.
Begin MonoManager ReloadAssembly
Native extension for WindowsStandalone target not found
Refreshing native plugins compatible for Editor in 0.67 ms, found 1 plugins.
Preloading 0 native plugins for Editor in 0.00 ms.
Mono: successfully reloaded assembly
- Completed reload, in  1.838 seconds
Platform modules already initialized, skipping
Refreshing native plugins compatible for Editor in 0.58 ms, found 1 plugins.
Preloading 0 native plugins for Editor in 0.00 ms.
Unloading 1821 Unused Serialized files (Serialized files now loaded: 0)
System memory in use before: 104.3 MB.
System memory in use after: 104.4 MB.

Unloading 7 unused Assets to reduce memory usage. Loaded Objects now: 2899.
Total: 4.756100 ms (FindLiveObjects: 0.646900 ms CreateObjectMapping: 0.274700 ms MarkObjects: 3.793600 ms  DeleteObjects: 0.038600 ms)

========================================================================
Received Prepare
Registering precompiled user dll's ...
Registered in 0.001314 seconds.
Begin MonoManager ReloadAssembly
Native extension for WindowsStandalone target not found
Refreshing native plugins compatible for Editor in 0.77 ms, found 1 plugins.
Preloading 0 native plugins for Editor in 0.00 ms.
Mono: successfully reloaded assembly
- Completed reload, in  2.055 seconds
Platform modules already initialized, skipping
Refreshing native plugins compatible for Editor in 0.52 ms, found 1 plugins.
Preloading 0 native plugins for Editor in 0.00 ms.
Unloading 1822 Unused Serialized files (Serialized files now loaded: 0)
System memory in use before: 104.5 MB.
System memory in use after: 104.6 MB.

Unloading 7 unused Assets to reduce memory usage. Loaded Objects now: 2904.
Total: 4.224300 ms (FindLiveObjects: 0.396200 ms CreateObjectMapping: 0.165400 ms MarkObjects: 3.628100 ms  DeleteObjects: 0.032800 ms)

========================================================================
Received Prepare
Registering precompiled user dll's ...
Registered in 0.001331 seconds.
Begin MonoManager ReloadAssembly
Native extension for WindowsStandalone target not found
Refreshing native plugins compatible for Editor in 0.88 ms, found 1 plugins.
Preloading 0 native plugins for Editor in 0.00 ms.
Mono: successfully reloaded assembly
- Completed reload, in  2.236 seconds
Platform modules already initialized, skipping
Refreshing native plugins compatible for Editor in 0.57 ms, found 1 plugins.
Preloading 0 native plugins for Editor in 0.00 ms.
Unloading 1823 Unused Serialized files (Serialized files now loaded: 0)
System memory in use before: 104.5 MB.
System memory in use after: 104.8 MB.

Unloading 7 unused Assets to reduce memory usage. Loaded Objects now: 2909.
Total: 4.647100 ms (FindLiveObjects: 0.711500 ms CreateObjectMapping: 0.185700 ms MarkObjects: 3.699800 ms  DeleteObjects: 0.048000 ms)

========================================================================
Received Prepare
Registering precompiled user dll's ...
Registered in 0.001386 seconds.
Begin MonoManager ReloadAssembly
Native extension for WindowsStandalone target not found
Refreshing native plugins compatible for Editor in 0.54 ms, found 1 plugins.
Preloading 0 native plugins for Editor in 0.00 ms.
Mono: successfully reloaded assembly
- Completed reload, in  1.847 seconds
Platform modules already initialized, skipping
Refreshing native plugins compatible for Editor in 0.53 ms, found 1 plugins.
Preloading 0 native plugins for Editor in 0.00 ms.
Unloading 1823 Unused Serialized files (Serialized files now loaded: 0)
System memory in use before: 104.5 MB.
System memory in use after: 104.8 MB.

Unloading 7 unused Assets to reduce memory usage. Loaded Objects now: 2913.
Total: 4.509800 ms (FindLiveObjects: 0.586800 ms CreateObjectMapping: 0.298300 ms MarkObjects: 3.595200 ms  DeleteObjects: 0.028000 ms)

========================================================================
Received Prepare
Registering precompiled user dll's ...
Registered in 0.002288 seconds.
Begin MonoManager ReloadAssembly
Native extension for WindowsStandalone target not found
Refreshing native plugins compatible for Editor in 0.52 ms, found 1 plugins.
Preloading 0 native plugins for Editor in 0.00 ms.
Mono: successfully reloaded assembly
- Completed reload, in  1.988 seconds
Platform modules already initialized, skipping
Refreshing native plugins compatible for Editor in 1.13 ms, found 1 plugins.
Preloading 0 native plugins for Editor in 0.00 ms.
Unloading 1823 Unused Serialized files (Serialized files now loaded: 0)
System memory in use before: 104.6 MB.
System memory in use after: 104.8 MB.

Unloading 7 unused Assets to reduce memory usage. Loaded Objects now: 2917.
Total: 4.426000 ms (FindLiveObjects: 0.558100 ms CreateObjectMapping: 0.203100 ms MarkObjects: 3.629600 ms  DeleteObjects: 0.033600 ms)

========================================================================
Received Prepare
Registering precompiled user dll's ...
Registered in 0.081832 seconds.
Begin MonoManager ReloadAssembly
Native extension for WindowsStandalone target not found
Refreshing native plugins compatible for Editor in 0.55 ms, found 1 plugins.
Preloading 0 native plugins for Editor in 0.00 ms.
Mono: successfully reloaded assembly
- Completed reload, in  1.818 seconds
Platform modules already initialized, skipping
Refreshing native plugins compatible for Editor in 0.56 ms, found 1 plugins.
Preloading 0 native plugins for Editor in 0.00 ms.
Unloading 1823 Unused Serialized files (Serialized files now loaded: 0)
System memory in use before: 104.6 MB.
System memory in use after: 104.8 MB.

Unloading 7 unused Assets to reduce memory usage. Loaded Objects now: 2921.
Total: 7.027200 ms (FindLiveObjects: 0.910600 ms CreateObjectMapping: 0.267300 ms MarkObjects: 5.811800 ms  DeleteObjects: 0.034600 ms)

========================================================================
Received Prepare
Registering precompiled user dll's ...
Registered in 0.001323 seconds.
Begin MonoManager ReloadAssembly
Native extension for WindowsStandalone target not found
Refreshing native plugins compatible for Editor in 0.53 ms, found 1 plugins.
Preloading 0 native plugins for Editor in 0.00 ms.
Mono: successfully reloaded assembly
- Completed reload, in  1.834 seconds
Platform modules already initialized, skipping
Refreshing native plugins compatible for Editor in 0.57 ms, found 1 plugins.
Preloading 0 native plugins for Editor in 0.00 ms.
Unloading 1823 Unused Serialized files (Serialized files now loaded: 0)
System memory in use before: 104.6 MB.
System memory in use after: 104.8 MB.

Unloading 7 unused Assets to reduce memory usage. Loaded Objects now: 2925.
Total: 4.452600 ms (FindLiveObjects: 0.678600 ms CreateObjectMapping: 0.165200 ms MarkObjects: 3.573300 ms  DeleteObjects: 0.033500 ms)

========================================================================
Received Import Request.
  Time since last request: 19139.070909 seconds.
  path: Assets/Scripts/DataTable/DRs/DRCharacter.cs
  artifactKey: Guid(723f5aa92f52f28408a7ed915b9a2e38) Importer(815301076,1909f56bfc062723c751e8b465ee728b)
Start importing Assets/Scripts/DataTable/DRs/DRCharacter.cs using Guid(723f5aa92f52f28408a7ed915b9a2e38) Importer(815301076,1909f56bfc062723c751e8b465ee728b)  -> (artifact id: '14f6a44b31d4c2f97ab7fc5017a1a48e') in 0.022047 seconds 
========================================================================
Received Import Request.
  Time since last request: 129.438142 seconds.
  path: Assets/Scripts/DataTable/DRs/DRItem.cs
  artifactKey: Guid(723f5aa92f52f28408a7ed915b9a2e38) Importer(815301076,1909f56bfc062723c751e8b465ee728b)
Start importing Assets/Scripts/DataTable/DRs/DRItem.cs using Guid(723f5aa92f52f28408a7ed915b9a2e38) Importer(815301076,1909f56bfc062723c751e8b465ee728b)  -> (artifact id: '16102e53e385ad2b92a4cbdb2b66de40') in 0.014143 seconds 
========================================================================
Received Import Request.
  Time since last request: 1464.175447 seconds.
  path: Assets/Scripts/DataTable/DRs/DRItem.cs
  artifactKey: Guid(723f5aa92f52f28408a7ed915b9a2e38) Importer(815301076,1909f56bfc062723c751e8b465ee728b)
Start importing Assets/Scripts/DataTable/DRs/DRItem.cs using Guid(723f5aa92f52f28408a7ed915b9a2e38) Importer(815301076,1909f56bfc062723c751e8b465ee728b)  -> (artifact id: 'd5f1dc9a2d51e9b07623855386323082') in 0.008067 seconds 
========================================================================
Received Prepare
Registering precompiled user dll's ...
Registered in 0.001369 seconds.
Begin MonoManager ReloadAssembly
Native extension for WindowsStandalone target not found
Refreshing native plugins compatible for Editor in 0.52 ms, found 1 plugins.
Preloading 0 native plugins for Editor in 0.00 ms.
Mono: successfully reloaded assembly
- Completed reload, in  1.790 seconds
Platform modules already initialized, skipping
Refreshing native plugins compatible for Editor in 0.52 ms, found 1 plugins.
Preloading 0 native plugins for Editor in 0.00 ms.
Unloading 1834 Unused Serialized files (Serialized files now loaded: 0)
System memory in use before: 104.8 MB.
System memory in use after: 105.1 MB.

Unloading 7 unused Assets to reduce memory usage. Loaded Objects now: 2940.
Total: 4.683300 ms (FindLiveObjects: 0.592700 ms CreateObjectMapping: 0.228600 ms MarkObjects: 3.796300 ms  DeleteObjects: 0.049200 ms)

========================================================================
Received Import Request.
  Time since last request: 2132.331983 seconds.
  path: Assets/GameMain
  artifactKey: Guid(47fc2835252febd40a9dd124ec59b571) Importer(815301076,1909f56bfc062723c751e8b465ee728b)
Start importing Assets/GameMain using Guid(47fc2835252febd40a9dd124ec59b571) Importer(815301076,1909f56bfc062723c751e8b465ee728b)  -> (artifact id: '3d7d2de879618c055dbc2e6cd7fdfd3a') in 0.019035 seconds 
========================================================================
Received Import Request.
  Time since last request: 9.466077 seconds.
  path: Assets/GameMain/DataTable
  artifactKey: Guid(4f1562fdb6286404ca31fb75e55ca119) Importer(815301076,1909f56bfc062723c751e8b465ee728b)
Start importing Assets/GameMain/DataTable using Guid(4f1562fdb6286404ca31fb75e55ca119) Importer(815301076,1909f56bfc062723c751e8b465ee728b)  -> (artifact id: '7de68b5fd3673a10b4ce8b86147c6875') in 0.020169 seconds 
========================================================================
Received Prepare
Registering precompiled user dll's ...
Registered in 0.001332 seconds.
Begin MonoManager ReloadAssembly
Native extension for WindowsStandalone target not found
Refreshing native plugins compatible for Editor in 0.58 ms, found 1 plugins.
Preloading 0 native plugins for Editor in 0.00 ms.
Mono: successfully reloaded assembly
- Completed reload, in  2.232 seconds
Platform modules already initialized, skipping
Refreshing native plugins compatible for Editor in 0.58 ms, found 1 plugins.
Preloading 0 native plugins for Editor in 0.00 ms.
Unloading 1834 Unused Serialized files (Serialized files now loaded: 0)
System memory in use before: 104.8 MB.
System memory in use after: 105.1 MB.

Unloading 7 unused Assets to reduce memory usage. Loaded Objects now: 2944.
Total: 9.543300 ms (FindLiveObjects: 0.959800 ms CreateObjectMapping: 0.561200 ms MarkObjects: 7.993000 ms  DeleteObjects: 0.026900 ms)

========================================================================
Received Import Request.
  Time since last request: 325.090088 seconds.
  path: Assets/GameMain/Texture
  artifactKey: Guid(ce274e30ef0f11d4d868baf7359afd47) Importer(815301076,1909f56bfc062723c751e8b465ee728b)
Start importing Assets/GameMain/Texture using Guid(ce274e30ef0f11d4d868baf7359afd47) Importer(815301076,1909f56bfc062723c751e8b465ee728b)  -> (artifact id: '7d8eaecca8a00eb3600dddd30b65145c') in 0.018319 seconds 
========================================================================
Received Import Request.
  Time since last request: 5.147696 seconds.
  path: Assets/GameMain/Texture/Item
  artifactKey: Guid(3cf79ff5c0bb4604b947b93751ecdc0b) Importer(815301076,1909f56bfc062723c751e8b465ee728b)
Start importing Assets/GameMain/Texture/Item using Guid(3cf79ff5c0bb4604b947b93751ecdc0b) Importer(815301076,1909f56bfc062723c751e8b465ee728b)  -> (artifact id: '4211ca8459ae65bde1c0c85adab4f1b5') in 0.152156 seconds 
========================================================================
Received Import Request.
  Time since last request: 97.221225 seconds.
  path: Assets/GameMain/Resources
  artifactKey: Guid(1091a95885929664299697713fd7fa1c) Importer(815301076,1909f56bfc062723c751e8b465ee728b)
Start importing Assets/GameMain/Resources using Guid(1091a95885929664299697713fd7fa1c) Importer(815301076,1909f56bfc062723c751e8b465ee728b)  -> (artifact id: '11c26a0f2527c947ecda4db78d85d6d3') in 0.018083 seconds 
========================================================================
Received Prepare
Registering precompiled user dll's ...
Registered in 0.001319 seconds.
Begin MonoManager ReloadAssembly
Native extension for WindowsStandalone target not found
Refreshing native plugins compatible for Editor in 0.52 ms, found 1 plugins.
Preloading 0 native plugins for Editor in 0.00 ms.
Mono: successfully reloaded assembly
- Completed reload, in  1.772 seconds
Platform modules already initialized, skipping
Refreshing native plugins compatible for Editor in 0.54 ms, found 1 plugins.
Preloading 0 native plugins for Editor in 0.00 ms.
Unloading 1834 Unused Serialized files (Serialized files now loaded: 0)
System memory in use before: 104.9 MB.
System memory in use after: 105.1 MB.

Unloading 7 unused Assets to reduce memory usage. Loaded Objects now: 2948.
Total: 4.983000 ms (FindLiveObjects: 0.601800 ms CreateObjectMapping: 0.255100 ms MarkObjects: 4.086600 ms  DeleteObjects: 0.036600 ms)

========================================================================
Received Import Request.
  Time since last request: 154.616411 seconds.
  path: Assets/GameMain/Resources/Prefabs
  artifactKey: Guid(d11b6fc0600ab4248b24c20fc6c24986) Importer(815301076,1909f56bfc062723c751e8b465ee728b)
Start importing Assets/GameMain/Resources/Prefabs using Guid(d11b6fc0600ab4248b24c20fc6c24986) Importer(815301076,1909f56bfc062723c751e8b465ee728b)  -> (artifact id: '3d22dfa2ac296dee3229db1010801412') in 0.021840 seconds 
========================================================================
Received Import Request.
  Time since last request: 3.740239 seconds.
  path: Assets/GameMain/Resources/Prefab
  artifactKey: Guid(d11b6fc0600ab4248b24c20fc6c24986) Importer(815301076,1909f56bfc062723c751e8b465ee728b)
Start importing Assets/GameMain/Resources/Prefab using Guid(d11b6fc0600ab4248b24c20fc6c24986) Importer(815301076,1909f56bfc062723c751e8b465ee728b)  -> (artifact id: 'df04ac32d96d5a316fb4e3ca58f674bf') in 0.015461 seconds 
========================================================================
Received Import Request.
  Time since last request: 1028.284580 seconds.
  path: Assets/GameMain/Resources/Prefab/UIItem.prefab
  artifactKey: Guid(3eec6d6a57b72ab4cadacf97ed7883e4) Importer(815301076,1909f56bfc062723c751e8b465ee728b)
Start importing Assets/GameMain/Resources/Prefab/UIItem.prefab using Guid(3eec6d6a57b72ab4cadacf97ed7883e4) Importer(815301076,1909f56bfc062723c751e8b465ee728b)  -> (artifact id: '700a01ce078deabfa27bf26a549f34cb') in 0.082403 seconds 
========================================================================
Received Prepare
Registering precompiled user dll's ...
Registered in 0.001740 seconds.
Begin MonoManager ReloadAssembly
Native extension for WindowsStandalone target not found
Refreshing native plugins compatible for Editor in 0.53 ms, found 1 plugins.
Preloading 0 native plugins for Editor in 0.00 ms.
Mono: successfully reloaded assembly
- Completed reload, in  2.130 seconds
Platform modules already initialized, skipping
Refreshing native plugins compatible for Editor in 0.65 ms, found 1 plugins.
Preloading 0 native plugins for Editor in 0.00 ms.
Unloading 1835 Unused Serialized files (Serialized files now loaded: 0)
System memory in use before: 105.2 MB.
System memory in use after: 105.4 MB.

Unloading 7 unused Assets to reduce memory usage. Loaded Objects now: 2955.
Total: 5.469000 ms (FindLiveObjects: 0.486000 ms CreateObjectMapping: 0.241100 ms MarkObjects: 4.710500 ms  DeleteObjects: 0.029600 ms)

AssetImportWorkerClient::OnTransportError - code=2 error=End of file
